<?xml version="1.0" encoding="UTF-8"?>
<!-- Generated by org.testng.reporters.JUnitReportReporter -->
<testsuite hostname="Mikitas-MacBook-Air.local" name="tests.TestCase1" tests="5" failures="0" timestamp="7 Sep 2015 02:28:32 GMT" time="0.014" errors="0">
  <testcase name="sampleTest" time="0.001" classname="tests.TestCase1"/>
  <testcase name="sampleTest" time="0.001" classname="tests.TestCase1"/>
  <testcase name="sampleTest" time="0.009" classname="tests.TestCase1"/>
  <testcase name="sampleTest" time="0.002" classname="tests.TestCase1"/>
  <testcase name="sampleTest" time="0.001" classname="tests.TestCase1"/>
</testsuite> <!-- tests.TestCase1 -->
